# JRE version: OpenJDK Runtime Environment OpenLogic-OpenJDK (21.0.3+9) (build 21.0.3+9-adhoc.Administrator.jdk21u)
# Java VM: OpenJDK 64-Bit Server VM OpenLogic-OpenJDK (21.0.3+9-adhoc.Administrator.jdk21u, mixed mode, sharing, tiered, compressed oops, compressed class ptrs, g1 gc, windows-amd64)
GC Precious Log:
 CardTable entry size: 512
 Card Set container configuration: InlinePtr #cards 5 size 8 Array Of Cards #cards 12 size 40 Howl #buckets 4 coarsen threshold 1843 Howl Bitmap #cards 512 size 80 coarsen threshold 460 Card regions per heap region 1 cards per card region 2048
 CPUs: 8 total, 8 available
 Memory: 16221M
 Large Page Support: Disabled
 NUMA Support: Disabled
 Compressed Oops: Enabled (32-bit)
 Heap Region Size: 1M
 Heap Min Capacity: 8M
 Heap Initial Capacity: 254M
 Heap Max Capacity: 1G
 Pre-touch: Disabled
 Parallel Workers: 8
 Concurrent Workers: 2
 Concurrent Refinement Workers: 8
 Periodic GC: Disabled
 String Deduplication is enabled
Heap:
 garbage-first heap   total 153600K, used 137935K [0x00000000c0000000, 0x0000000100000000)
  region size 1024K, 85 young (87040K), 3 survivors (3072K)
 Metaspace       used 31139K, committed 32000K, reserved 1114112K
  class space    used 2962K, committed 3392K, reserved 1048576K
GC Heap History (20 events):
Event: 9202.840 GC heap before
{Heap before GC invocations=965 (full 0):
 garbage-first heap   total 153600K, used 143253K [0x00000000c0000000, 0x0000000100000000)
  region size 1024K, 89 young (91136K), 1 survivors (1024K)
 Metaspace       used 31119K, committed 32000K, reserved 1114112K
  class space    used 2957K, committed 3392K, reserved 1048576K
}
Event: 9202.842 GC heap after
{Heap after GC invocations=966 (full 0):
 garbage-first heap   total 153600K, used 53928K [0x00000000c0000000, 0x0000000100000000)
  region size 1024K, 2 young (2048K), 2 survivors (2048K)
 Metaspace       used 31119K, committed 32000K, reserved 1114112K
  class space    used 2957K, committed 3392K, reserved 1048576K
}
Event: 9213.866 GC heap before
{Heap before GC invocations=966 (full 0):
 garbage-first heap   total 153600K, used 141992K [0x00000000c0000000, 0x0000000100000000)
  region size 1024K, 88 young (90112K), 2 survivors (2048K)
 Metaspace       used 31119K, committed 32000K, reserved 1114112K
  class space    used 2957K, committed 3392K, reserved 1048576K
}
Event: 9213.870 GC heap after
{Heap after GC invocations=967 (full 0):
 garbage-first heap   total 153600K, used 55343K [0x00000000c0000000, 0x0000000100000000)
  region size 1024K, 3 young (3072K), 3 survivors (3072K)
 Metaspace       used 31119K, committed 32000K, reserved 1114112K
  class space    used 2957K, committed 3392K, reserved 1048576K
}
Event: 9221.197 GC heap before
{Heap before GC invocations=968 (full 0):
 garbage-first heap   total 153600K, used 141359K [0x00000000c0000000, 0x0000000100000000)
  region size 1024K, 87 young (89088K), 3 survivors (3072K)
 Metaspace       used 31119K, committed 32000K, reserved 1114112K
  class space    used 2957K, committed 3392K, reserved 1048576K
}
Event: 9221.201 GC heap after
{Heap after GC invocations=969 (full 0):
 garbage-first heap   total 153600K, used 55305K [0x00000000c0000000, 0x0000000100000000)
  region size 1024K, 3 young (3072K), 3 survivors (3072K)
 Metaspace       used 31119K, committed 32000K, reserved 1114112K
  class space    used 2957K, committed 3392K, reserved 1048576K
}
Event: 9226.296 GC heap before
{Heap before GC invocations=969 (full 0):
 garbage-first heap   total 153600K, used 141321K [0x00000000c0000000, 0x0000000100000000)
  region size 1024K, 87 young (89088K), 3 survivors (3072K)
 Metaspace       used 31119K, committed 32000K, reserved 1114112K
  class space    used 2957K, committed 3392K, reserved 1048576K
}
Event: 9226.302 GC heap after
{Heap after GC invocations=970 (full 0):
 garbage-first heap   total 153600K, used 58508K [0x00000000c0000000, 0x0000000100000000)
  region size 1024K, 6 young (6144K), 6 survivors (6144K)
 Metaspace       used 31119K, committed 32000K, reserved 1114112K
  class space    used 2957K, committed 3392K, reserved 1048576K
}
Event: 9232.049 GC heap before
{Heap before GC invocations=971 (full 0):
 garbage-first heap   total 153600K, used 138380K [0x00000000c0000000, 0x0000000100000000)
  region size 1024K, 84 young (86016K), 6 survivors (6144K)
 Metaspace       used 31119K, committed 32000K, reserved 1114112K
  class space    used 2957K, committed 3392K, reserved 1048576K
}
Event: 9232.052 GC heap after
{Heap after GC invocations=972 (full 0):
 garbage-first heap   total 153600K, used 55203K [0x00000000c0000000, 0x0000000100000000)
  region size 1024K, 3 young (3072K), 3 survivors (3072K)
 Metaspace       used 31119K, committed 32000K, reserved 1114112K
  class space    used 2957K, committed 3392K, reserved 1048576K
}
Event: 9242.200 GC heap before
{Heap before GC invocations=972 (full 0):
 garbage-first heap   total 153600K, used 141219K [0x00000000c0000000, 0x0000000100000000)
  region size 1024K, 87 young (89088K), 3 survivors (3072K)
 Metaspace       used 31119K, committed 32000K, reserved 1114112K
  class space    used 2957K, committed 3392K, reserved 1048576K
}
Event: 9242.205 GC heap after
{Heap after GC invocations=973 (full 0):
 garbage-first heap   total 153600K, used 55606K [0x00000000c0000000, 0x0000000100000000)
  region size 1024K, 3 young (3072K), 3 survivors (3072K)
 Metaspace       used 31119K, committed 32000K, reserved 1114112K
  class space    used 2957K, committed 3392K, reserved 1048576K
}
Event: 9251.559 GC heap before
{Heap before GC invocations=974 (full 0):
 garbage-first heap   total 153600K, used 141622K [0x00000000c0000000, 0x0000000100000000)
  region size 1024K, 87 young (89088K), 3 survivors (3072K)
 Metaspace       used 31119K, committed 32000K, reserved 1114112K
  class space    used 2957K, committed 3392K, reserved 1048576K
}
Event: 9251.564 GC heap after
{Heap after GC invocations=975 (full 0):
 garbage-first heap   total 153600K, used 55018K [0x00000000c0000000, 0x0000000100000000)
  region size 1024K, 3 young (3072K), 3 survivors (3072K)
 Metaspace       used 31119K, committed 32000K, reserved 1114112K
  class space    used 2957K, committed 3392K, reserved 1048576K
}
Event: 9262.109 GC heap before
{Heap before GC invocations=975 (full 0):
 garbage-first heap   total 153600K, used 140010K [0x00000000c0000000, 0x0000000100000000)
  region size 1024K, 87 young (89088K), 3 survivors (3072K)
 Metaspace       used 31119K, committed 32000K, reserved 1114112K
  class space    used 2957K, committed 3392K, reserved 1048576K
}
Event: 9262.112 GC heap after
{Heap after GC invocations=976 (full 0):
 garbage-first heap   total 153600K, used 54055K [0x00000000c0000000, 0x0000000100000000)
  region size 1024K, 2 young (2048K), 2 survivors (2048K)
 Metaspace       used 31119K, committed 32000K, reserved 1114112K
  class space    used 2957K, committed 3392K, reserved 1048576K
}
Event: 9271.773 GC heap before
{Heap before GC invocations=977 (full 0):
 garbage-first heap   total 153600K, used 142119K [0x00000000c0000000, 0x0000000100000000)
  region size 1024K, 88 young (90112K), 2 survivors (2048K)
 Metaspace       used 31119K, committed 32000K, reserved 1114112K
  class space    used 2957K, committed 3392K, reserved 1048576K
}
Event: 9271.778 GC heap after
{Heap after GC invocations=978 (full 0):
 garbage-first heap   total 153600K, used 55597K [0x00000000c0000000, 0x0000000100000000)
  region size 1024K, 3 young (3072K), 3 survivors (3072K)
 Metaspace       used 31119K, committed 32000K, reserved 1114112K
  class space    used 2957K, committed 3392K, reserved 1048576K
}
Event: 9280.543 GC heap before
{Heap before GC invocations=978 (full 0):
 garbage-first heap   total 153600K, used 141613K [0x00000000c0000000, 0x0000000100000000)
  region size 1024K, 87 young (89088K), 3 survivors (3072K)
 Metaspace       used 31119K, committed 32000K, reserved 1114112K
  class space    used 2957K, committed 3392K, reserved 1048576K
}
Event: 9280.546 GC heap after
{Heap after GC invocations=979 (full 0):
 garbage-first heap   total 153600K, used 54991K [0x00000000c0000000, 0x0000000100000000)
  region size 1024K, 3 young (3072K), 3 survivors (3072K)
 Metaspace       used 31119K, committed 32000K, reserved 1114112K
  class space    used 2957K, committed 3392K, reserved 1048576K
}

